[2022-11-17 11:38:34] Текст ошибки: Using $this when not in object context | Файл: D:\domains\frmwrk\vendor\core\Router.php | Строка: 32
====================
[2022-11-17 11:40:38] Текст ошибки: core\Router::matchRoute(): Return value must be of type bool, none returned | Файл: D:\domains\frmwrk\vendor\core\Router.php | Строка: 41
====================
[2022-11-17 13:38:35] Текст ошибки: Undefined variable $route | Файл: D:\domains\frmwrk\vendor\core\Router.php | Строка: 30
====================
[2022-11-17 13:38:35] Текст ошибки: Trying to access array offset on value of type null | Файл: D:\domains\frmwrk\vendor\core\Router.php | Строка: 30
====================
[2022-11-17 13:38:35] Текст ошибки: Контроллер:  не найден | Файл: D:\domains\frmwrk\vendor\core\Router.php | Строка: 30
====================
[2022-11-17 13:39:23] Текст ошибки: Контроллер: page-trr/dick-big&id=5&test=test не найден | Файл: D:\domains\frmwrk\vendor\core\Router.php | Строка: 30
====================
[2022-11-17 13:40:31] Текст ошибки: Контроллер: page-trr1/dick-big не найден | Файл: D:\domains\frmwrk\vendor\core\Router.php | Строка: 30
====================
[2022-11-17 13:41:39] Текст ошибки: Undefined array key "controller" | Файл: D:\domains\frmwrk\vendor\core\Router.php | Строка: 30
====================
[2022-11-17 13:41:39] Текст ошибки: Контроллер:  не найден | Файл: D:\domains\frmwrk\vendor\core\Router.php | Строка: 30
====================
[2022-11-17 13:41:58] Текст ошибки: Array to string conversion | Файл: D:\domains\frmwrk\vendor\core\Router.php | Строка: 30
====================
[2022-11-17 13:41:58] Текст ошибки: Контроллер: Array не найден | Файл: D:\domains\frmwrk\vendor\core\Router.php | Строка: 30
====================
[2022-11-17 13:42:02] Текст ошибки: Undefined array key "controller" | Файл: D:\domains\frmwrk\vendor\core\Router.php | Строка: 30
====================
[2022-11-17 13:42:02] Текст ошибки: Контроллер:  не найден | Файл: D:\domains\frmwrk\vendor\core\Router.php | Строка: 30
====================
[2022-11-17 13:42:35] Текст ошибки: Контроллер: page-trr1/dick-big не найден | Файл: D:\domains\frmwrk\vendor\core\Router.php | Строка: 30
====================
[2022-11-17 13:48:20] Текст ошибки: Контроллер: page-trr1/dick-big не найден | Файл: D:\domains\frmwrk\vendor\core\Router.php | Строка: 30
====================
[2022-11-17 13:48:25] Текст ошибки: Undefined constant "app\controllers" | Файл: D:\domains\frmwrk\vendor\core\Router.php | Строка: 28
====================
[2022-11-17 13:53:31] Текст ошибки: Контроллер app\controllers\PageTrrController не найден | Файл: D:\domains\frmwrk\vendor\core\Router.php | Строка: 32
====================
[2022-11-17 13:53:57] Текст ошибки: Контроллер app\controllers\PageTrrController не найден | Файл: D:\domains\frmwrk\vendor\core\Router.php | Строка: 32
====================
[2022-11-17 13:53:58] Текст ошибки: Контроллер app\controllers\PageTrrController не найден | Файл: D:\domains\frmwrk\vendor\core\Router.php | Строка: 32
====================
[2022-11-17 13:54:03] Текст ошибки: Контроллер app\controllers\PageTrrController не найден | Файл: D:\domains\frmwrk\vendor\core\Router.php | Строка: 32
====================
[2022-11-17 13:54:42] Текст ошибки: Контроллер app\controllers\PageTrrController не найден | Файл: D:\domains\frmwrk\vendor\core\Router.php | Строка: 32
====================
[2022-11-17 13:56:58] Текст ошибки: Страница не найдена | Файл: D:\domains\frmwrk\vendor\core\Router.php | Строка: 36
====================
[2022-11-17 13:57:04] Текст ошибки: Контроллер app\controllers\PagebbController не найден | Файл: D:\domains\frmwrk\vendor\core\Router.php | Строка: 32
====================
[2022-11-17 13:57:34] Текст ошибки: Контроллер app\controllers\PagebbController не найден | Файл: D:\domains\frmwrk\vendor\core\Router.php | Строка: 32
====================
[2022-11-17 13:58:32] Текст ошибки: Object of class app\controllers\PageController could not be converted to string | Файл: D:\domains\frmwrk\vendor\core\Router.php | Строка: 31
====================
[2022-11-17 13:58:42] Текст ошибки: Object of type app\controllers\PageController is not callable | Файл: D:\domains\frmwrk\vendor\core\Router.php | Строка: 31
====================
[2022-11-17 13:59:12] Текст ошибки: Undefined variable $viewAction | Файл: D:\domains\frmwrk\vendor\core\Router.php | Строка: 31
====================
[2022-11-17 13:59:12] Текст ошибки: Method name must be a string | Файл: D:\domains\frmwrk\vendor\core\Router.php | Строка: 31
====================
[2022-11-17 14:00:14] Текст ошибки: Контроллер app\controllers\PageController.php не найден | Файл: D:\domains\frmwrk\vendor\core\Router.php | Строка: 32
====================
[2022-11-17 14:01:05] Текст ошибки: Контроллер app\controllers\MainController.php не найден | Файл: D:\domains\frmwrk\vendor\core\Router.php | Строка: 32
====================
[2022-11-17 14:04:29] Текст ошибки: Call to undefined method app\controllers\MainController::viewAction() | Файл: D:\domains\frmwrk\vendor\core\Router.php | Строка: 31
====================
[2022-11-17 14:08:51] Текст ошибки: Undefined property: app\controllers\PageController::$viewAction | Файл: D:\domains\frmwrk\vendor\core\Router.php | Строка: 33
====================
[2022-11-17 14:09:19] Текст ошибки: Attempt to read property "viewAction" on string | Файл: D:\domains\frmwrk\vendor\core\Router.php | Строка: 33
====================
[2022-11-17 14:09:35] Текст ошибки: Undefined property: app\controllers\PageController::$viewAction | Файл: D:\domains\frmwrk\vendor\core\Router.php | Строка: 33
====================
[2022-11-17 14:09:54] Текст ошибки: Страница не найдена | Файл: D:\domains\frmwrk\vendor\core\Router.php | Строка: 41
====================
[2022-11-17 14:09:59] Текст ошибки: Контроллер app\controllers\PageController:: Метод viewsdAction не найден | Файл: D:\domains\frmwrk\vendor\core\Router.php | Строка: 35
====================
[2022-11-17 14:11:22] Текст ошибки: Undefined property: app\controllers\PageController::$viewAction | Файл: D:\domains\frmwrk\vendor\core\Router.php | Строка: 33
====================
[2022-11-17 14:11:23] Текст ошибки: Undefined property: app\controllers\PageController::$viewAction | Файл: D:\domains\frmwrk\vendor\core\Router.php | Строка: 33
====================
[2022-11-17 14:12:08] Текст ошибки: Undefined property: app\controllers\PageController::$viewAction | Файл: D:\domains\frmwrk\vendor\core\Router.php | Строка: 33
====================
[2022-11-17 14:12:12] Текст ошибки: Undefined property: app\controllers\MainController::$indexAction | Файл: D:\domains\frmwrk\vendor\core\Router.php | Строка: 33
====================
[2022-11-17 14:13:25] Текст ошибки: Метод app\controllers\PageController::viewcAction не найден | Файл: D:\domains\frmwrk\vendor\core\Router.php | Строка: 35
====================
[2022-11-17 14:13:32] Текст ошибки: Метод app\controllers\PageController::testAction не найден | Файл: D:\domains\frmwrk\vendor\core\Router.php | Строка: 35
====================
[2022-11-17 14:15:00] Текст ошибки: Страница не найдена | Файл: D:\domains\frmwrk\vendor\core\Router.php | Строка: 41
====================
[2022-11-17 14:17:09] Текст ошибки: Страница не найдена | Файл: D:\domains\frmwrk\vendor\core\Router.php | Строка: 42
====================
[2022-11-17 14:17:29] Текст ошибки: Страница не найдена | Файл: D:\domains\frmwrk\vendor\core\Router.php | Строка: 42
====================
[2022-11-17 14:17:51] Текст ошибки: Страница не найдена | Файл: D:\domains\frmwrk\vendor\core\Router.php | Строка: 43
====================
[2022-11-17 14:20:25] Текст ошибки: Страница не найдена | Файл: D:\domains\frmwrk\vendor\core\Router.php | Строка: 43
====================
[2022-11-17 14:20:34] Текст ошибки: Страница не найдена | Файл: D:\domains\frmwrk\vendor\core\Router.php | Строка: 43
====================
[2022-11-17 14:21:13] Текст ошибки: Страница не найдена | Файл: D:\domains\frmwrk\vendor\core\Router.php | Строка: 43
====================
[2022-11-17 14:21:19] Текст ошибки: Страница не найдена | Файл: D:\domains\frmwrk\vendor\core\Router.php | Строка: 43
====================
[2022-11-17 14:21:26] Текст ошибки: Страница не найдена | Файл: D:\domains\frmwrk\vendor\core\Router.php | Строка: 43
====================
[2022-11-17 14:21:27] Текст ошибки: Страница не найдена | Файл: D:\domains\frmwrk\vendor\core\Router.php | Строка: 43
====================
[2022-11-17 14:21:31] Текст ошибки: Страница не найдена | Файл: D:\domains\frmwrk\vendor\core\Router.php | Строка: 43
====================
[2022-11-17 14:22:07] Текст ошибки: Array to string conversion | Файл: D:\domains\frmwrk\vendor\core\Router.php | Строка: 76
====================
[2022-11-17 14:22:07] Текст ошибки: Страница не найдена | Файл: D:\domains\frmwrk\vendor\core\Router.php | Строка: 43
====================
[2022-11-17 14:22:08] Текст ошибки: Array to string conversion | Файл: D:\domains\frmwrk\vendor\core\Router.php | Строка: 76
====================
[2022-11-17 14:22:08] Текст ошибки: Страница не найдена | Файл: D:\domains\frmwrk\vendor\core\Router.php | Строка: 43
====================
[2022-11-17 14:22:17] Текст ошибки: Страница не найдена | Файл: D:\domains\frmwrk\vendor\core\Router.php | Строка: 43
====================
[2022-11-17 14:23:06] Текст ошибки: Страница не найдена | Файл: D:\domains\frmwrk\vendor\core\Router.php | Строка: 44
====================
[2022-11-17 14:23:20] Текст ошибки: Страница не найдена | Файл: D:\domains\frmwrk\vendor\core\Router.php | Строка: 44
====================
[2022-11-17 14:23:22] Текст ошибки: Страница не найдена | Файл: D:\domains\frmwrk\vendor\core\Router.php | Строка: 44
====================
[2022-11-17 14:23:25] Текст ошибки: Страница не найдена | Файл: D:\domains\frmwrk\vendor\core\Router.php | Строка: 44
====================
[2022-11-17 14:23:45] Текст ошибки: preg_match(): Argument #2 ($subject) must be of type string, array given | Файл: D:\domains\frmwrk\vendor\core\Router.php | Строка: 51
====================
[2022-11-17 14:24:57] Текст ошибки: preg_match(): Argument #2 ($subject) must be of type string, array given | Файл: D:\domains\frmwrk\vendor\core\Router.php | Строка: 51
====================
[2022-11-17 14:26:43] Текст ошибки: preg_match(): Argument #2 ($subject) must be of type string, array given | Файл: D:\domains\frmwrk\vendor\core\Router.php | Строка: 51
====================
[2022-11-17 14:26:44] Текст ошибки: preg_match(): Argument #2 ($subject) must be of type string, array given | Файл: D:\domains\frmwrk\vendor\core\Router.php | Строка: 51
====================
[2022-11-17 14:26:46] Текст ошибки: preg_match(): Argument #2 ($subject) must be of type string, array given | Файл: D:\domains\frmwrk\vendor\core\Router.php | Строка: 51
====================
[2022-11-17 14:26:49] Текст ошибки: preg_match(): Argument #2 ($subject) must be of type string, array given | Файл: D:\domains\frmwrk\vendor\core\Router.php | Строка: 51
====================
[2022-11-17 14:26:58] Текст ошибки: preg_match(): Argument #2 ($subject) must be of type string, array given | Файл: D:\domains\frmwrk\vendor\core\Router.php | Строка: 51
====================
[2022-11-18 11:05:29] Текст ошибки: Call to undefined method app\controllers\PageController::getModel() | Файл: D:\domains\frmwrk\vendor\core\Router.php | Строка: 32
====================
[2022-11-18 11:05:40] Текст ошибки: Undefined property: app\controllers\MainController::$route | Файл: D:\domains\frmwrk\vendor\core\Controller.php | Строка: 19
====================
[2022-11-18 11:05:40] Текст ошибки: Trying to access array offset on value of type null | Файл: D:\domains\frmwrk\vendor\core\Controller.php | Строка: 19
====================
[2022-11-18 11:07:02] Текст ошибки: Undefined variable $model | Файл: D:\domains\frmwrk\app\controllers\MainController.php | Строка: 11
====================
[2022-11-18 13:08:25] Текст ошибки: Вид не найден: {$view_file} | Файл: D:\domains\frmwrk\vendor\core\View.php | Строка: 30
====================
[2022-11-18 13:08:59] Текст ошибки: Вид не найден: {$view_file} | Файл: D:\domains\frmwrk\vendor\core\View.php | Строка: 30
====================
[2022-11-18 13:09:00] Текст ошибки: Вид не найден: {$view_file} | Файл: D:\domains\frmwrk\vendor\core\View.php | Строка: 30
====================
[2022-11-18 13:09:34] Текст ошибки: Вид не найден: {$view_file} | Файл: D:\domains\frmwrk\vendor\core\View.php | Строка: 31
====================
[2022-11-18 13:09:53] Текст ошибки: Вид не найден: {$view_file} | Файл: D:\domains\frmwrk\vendor\core\View.php | Строка: 31
====================
[2022-11-18 13:10:18] Текст ошибки: Вид не найден: {$view_file} | Файл: D:\domains\frmwrk\vendor\core\View.php | Строка: 31
====================
[2022-11-18 13:10:22] Текст ошибки: Вид не найден: {$view_file} | Файл: D:\domains\frmwrk\vendor\core\View.php | Строка: 31
====================
[2022-11-18 13:11:01] Текст ошибки: Вид не найден: app/views/Main/index.php | Файл: D:\domains\frmwrk\vendor\core\View.php | Строка: 31
====================
[2022-11-18 13:11:22] Текст ошибки: Вид не найден: app/views/Main/index.php | Файл: D:\domains\frmwrk\vendor\core\View.php | Строка: 31
====================
[2022-11-18 13:11:38] Текст ошибки: Контроллер app\controllers\admin\MainController не найден | Файл: D:\domains\frmwrk\vendor\core\Router.php | Строка: 41
====================
[2022-11-18 13:11:47] Текст ошибки: Вид не найден: app/views/Main/index.php | Файл: D:\domains\frmwrk\vendor\core\View.php | Строка: 31
====================
[2022-11-18 13:13:30] Текст ошибки: Вид не найден: D:\domains\frmwrk/appMain/index.php | Файл: D:\domains\frmwrk\vendor\core\View.php | Строка: 31
====================
[2022-11-18 13:13:53] Текст ошибки: Вид не найден: D:\domains\frmwrk/app/Main/index.php | Файл: D:\domains\frmwrk\vendor\core\View.php | Строка: 31
====================
[2022-11-18 13:14:54] Текст ошибки: Вид не найден: D:\domains\frmwrk/app/viewsMain/index.php | Файл: D:\domains\frmwrk\vendor\core\View.php | Строка: 31
====================
[2022-11-18 13:16:50] Текст ошибки: Страница не найдена | Файл: D:\domains\frmwrk\vendor\core\Router.php | Строка: 44
====================
[2022-11-18 13:17:01] Текст ошибки: Страница не найдена | Файл: D:\domains\frmwrk\vendor\core\Router.php | Строка: 44
====================
[2022-11-18 13:17:25] Текст ошибки: Страница не найдена | Файл: D:\domains\frmwrk\vendor\core\Router.php | Строка: 44
====================
[2022-11-18 13:17:25] Текст ошибки: Страница не найдена | Файл: D:\domains\frmwrk\vendor\core\Router.php | Строка: 44
====================
[2022-11-18 13:17:30] Текст ошибки: Страница не найдена | Файл: D:\domains\frmwrk\vendor\core\Router.php | Строка: 44
====================
[2022-11-18 13:18:43] Текст ошибки: Страница не найдена | Файл: D:\domains\frmwrk\vendor\core\Router.php | Строка: 44
====================
[2022-11-18 13:24:01] Текст ошибки: Не найден шаблон вида D:\domains\frmwrk/app/views/layouts/D:\domains\frmwrklayout.php | Файл: D:\domains\frmwrk\vendor\core\View.php | Строка: 39
====================
[2022-11-18 13:25:22] Текст ошибки: Не найден шаблон вида D:\domains\frmwrk/app/views/layouts/D:\domains\frmwrkdefault.php | Файл: D:\domains\frmwrk\vendor\core\View.php | Строка: 39
====================
[2022-11-18 13:26:24] Текст ошибки: Object of class core\View could not be converted to string | Файл: D:\domains\frmwrk\app\views\layouts\default.php | Строка: 18
====================
